<?xml version="1.0" encoding="UTF-8"?>
<!-- Generated by org.testng.reporters.JUnitReportReporter -->
<testsuite hostname="OURHOME3" failures="0" tests="5" name="DataDriven.DataDrivenLoginTest" time="85.310" errors="0" timestamp="2020-10-04T21:23:48 EDT" skipped="0">
  <testcase classname="DataDriven.DataDrivenLoginTest" name="yahooSignUp" time="14.044"/>
  <system-out/>
  <testcase classname="DataDriven.DataDrivenLoginTest" name="yahooSignUp" time="29.218"/>
  <system-out/>
  <testcase classname="DataDriven.DataDrivenLoginTest" name="yahooSignUp" time="13.682"/>
  <system-out/>
  <testcase classname="DataDriven.DataDrivenLoginTest" name="yahooSignUp" time="14.504"/>
  <system-out/>
  <testcase classname="DataDriven.DataDrivenLoginTest" name="yahooSignUp" time="13.862"/>
  <system-out/>
</testsuite> <!-- DataDriven.DataDrivenLoginTest -->
