<?xml version="1.0" encoding="UTF-8"?>
<!-- Generated by org.testng.reporters.JUnitReportReporter -->
<testsuite hostname="OURHOME3" failures="0" tests="1" name="Test03_Post" time="4.101" errors="0" timestamp="2020-09-15T13:59:25 EDT" skipped="0">
  <testcase classname="Test03_Post" name="Test_03" time="4.101"/>
  <system-out/>
</testsuite> <!-- Test03_Post -->
