<?xml version="1.0" encoding="UTF-8"?>
<!-- Generated by org.testng.reporters.JUnitReportReporter -->
<testsuite hostname="OURHOME3" failures="0" tests="1" name="Test02_Get" time="5.264" errors="0" timestamp="2020-10-01T18:07:23 EDT" skipped="0">
  <testcase classname="Test02_Get" name="Test_02" time="5.264"/>
  <system-out/>
</testsuite> <!-- Test02_Get -->
