<?xml version="1.0" encoding="UTF-8"?>
<!-- Generated by org.testng.reporters.JUnitReportReporter -->
<testsuite hostname="OURHOME3" failures="0" tests="2" name="RestAssuredPractice.TestDataDriven01" time="5.335" errors="0" timestamp="2020-10-01T22:55:00 EDT" skipped="0">
  <testcase classname="RestAssuredPractice.TestDataDriven01" name="Test_Post" time="5.246"/>
  <system-out/>
  <testcase classname="RestAssuredPractice.TestDataDriven01" name="Test_Post" time="0.089"/>
  <system-out/>
</testsuite> <!-- RestAssuredPractice.TestDataDriven01 -->
