<?xml version="1.0" encoding="UTF-8"?>
<!-- Generated by org.testng.reporters.JUnitReportReporter -->
<testsuite hostname="OURHOME3" failures="0" tests="1" name="TestOwnAPI01" time="3.557" errors="0" timestamp="2020-09-16T15:44:30 EDT" skipped="0">
  <testcase classname="TestOwnAPI01" name="TestPostAPI" time="3.557"/>
  <system-out/>
</testsuite> <!-- TestOwnAPI01 -->
