<?xml version="1.0" encoding="UTF-8"?>
<!-- Generated by org.testng.reporters.JUnitReportReporter -->
<testsuite hostname="OURHOME3" failures="0" tests="1" name="DBPractice.ConnectMySQL" time="0.351" errors="0" timestamp="2020-10-06T00:12:24 EDT" skipped="0">
  <testcase classname="DBPractice.ConnectMySQL" name="testDB" time="0.351"/>
  <system-out/>
</testsuite> <!-- DBPractice.ConnectMySQL -->
