<?xml version="1.0" encoding="UTF-8"?>
<!-- Generated by org.testng.reporters.JUnitReportReporter -->
<testsuite hostname="OURHOME3" failures="0" tests="1" name="Test02_GetPost" time="5.034" errors="0" timestamp="2020-09-15T12:43:26 EDT" skipped="0">
  <testcase classname="Test02_GetPost" name="Test_02" time="5.034"/>
  <system-out/>
</testsuite> <!-- Test02_GetPost -->
