<?xml version="1.0" encoding="UTF-8"?>
<!-- Generated by org.testng.reporters.JUnitReportReporter -->
<testsuite hostname="OURHOME3" failures="0" tests="1" name="Test04_Put" time="3.833" errors="0" timestamp="2020-09-15T14:21:39 EDT" skipped="0">
  <testcase classname="Test04_Put" name="test_04" time="3.833"/>
  <system-out/>
</testsuite> <!-- Test04_Put -->
