<?xml version="1.0" encoding="UTF-8"?>
<!-- Generated by org.testng.reporters.JUnitReportReporter -->
<testsuite hostname="OURHOME3" failures="0" tests="1" name="Test05_Patch" time="3.858" errors="0" timestamp="2020-09-15T14:32:48 EDT" skipped="0">
  <testcase classname="Test05_Patch" name="Test_05" time="3.858"/>
  <system-out/>
</testsuite> <!-- Test05_Patch -->
