<?xml version="1.0" encoding="UTF-8"?>
<!-- Generated by org.testng.reporters.JUnitReportReporter -->
<testsuite hostname="OURHOME3" failures="0" tests="1" name="Test06_Delete" time="3.657" errors="0" timestamp="2020-09-15T14:38:47 EDT" skipped="0">
  <testcase classname="Test06_Delete" name="Test_06" time="3.657"/>
  <system-out/>
</testsuite> <!-- Test06_Delete -->
