<?xml version="1.0" encoding="UTF-8"?>
<!-- Generated by org.testng.reporters.JUnitReportReporter -->
<testsuite hostname="OURHOME3" failures="0" tests="1" name="RestAssuredPractice.TestSelfCreatedAPI" time="3.152" errors="0" timestamp="2020-10-01T20:37:56 EDT" skipped="0">
  <testcase classname="RestAssuredPractice.TestSelfCreatedAPI" name="Test_Delete" time="3.152"/>
  <system-out/>
</testsuite> <!-- RestAssuredPractice.TestSelfCreatedAPI -->
